[    3019ms] Uncaught Error: Minified React error #418; visit https://react.dev/errors/418?args[]=text&args[]= for the full message or use the non-minified dev environment for full errors and additional helpful warnings.
    at rZ (https://static.linear.app/web/_next/static/chunks/f0328fcb-dfb2d4c502847322.js:0:37090)
    at <anonymous> (https://static.linear.app/web/_next/static/chunks/f0328fcb-dfb2d4c502847322.js:0:134249)
    at sy (https://static.linear.app/web/_next/static/chunks/f0328fcb-dfb2d4c502847322.js:0:137814)
    at sh (https://static.linear.app/web/_next/static/chunks/f0328fcb-dfb2d4c502847322.js:0:129062)
    at <anonymous> (https://static.linear.app/web/_next/static/chunks/f0328fcb-dfb2d4c502847322.js:0:123887)
    at sr (https://static.linear.app/web/_next/static/chunks/f0328fcb-dfb2d4c502847322.js:0:123988)
    at sq (https://static.linear.app/web/_next/static/chunks/f0328fcb-dfb2d4c502847322.js:0:150558)
    at x (https://static.linear.app/web/_next/static/chunks/8729-7cddb940c60e731c.js:44:15781)
[    3033ms] [LOG] %c __                                               _____          __          __           ______          v1.0.0
/\ \       __                                    /\  __`\       /\ \      __/\ \__       /\__  _\                       
\ \ \     /\_\    ___      __     __     _ __    \ \ \/\ \  _ __\ \ \____/\_\ \ ,_\      \/_/\ \/     ___     ___       
 \ \ \  __\/\ \ /' _ `\  /'__`\ /'__`\  /\`'__\   \ \ \ \ \/\`'__\ \ '__`\/\ \ \ \/         \ \ \   /' _ `\  /'___\     
  \ \ \L\ \\ \ \/\ \/\ \/\  __//\ \L\.\_\ \ \/     \ \ \_\ \ \ \/ \ \ \L\ \ \ \ \ \_  __     \_\ \__/\ \/\ \/\ \__/  __ 
   \ \____/ \ \_\ \_\ \_\ \____\ \__/.\_\\ \_\      \ \_____\ \_\  \ \_,__/\ \_\ \__\/\ \    /\_____\ \_\ \_\ \____\/\_\
    \/___/   \/_/\/_/\/_/\/____/\/__/\/_/ \/_/       \/_____/\/_/   \/___/  \/_/\/__/\ \/    \/_____/\/_/\/_/\/____/\/_/
                                                                                      \/

The product development system for teams and agents

WE'RE HIRING: https://linear.app/careers
CHANGELOG:    https://linear.app/changelog
 
  font-family: monospace;
  color: #282A30;
   @ https://static.linear.app/web/_next/static/chunks/75438-2647b4f1e1a5592c.js:0
[    9272ms] [WARNING] The resource https://static.linear.app/web/_next/static/css/b7fe26f7b7636797.css was preloaded using link preload but not used within a few seconds from the window's load event. Please make sure it has an appropriate `as` value and it is preloaded intentionally. @ https://linear.app/:0
[    9273ms] [WARNING] The resource https://static.linear.app/web/_next/static/css/390ce4b0391ef855.css was preloaded using link preload but not used within a few seconds from the window's load event. Please make sure it has an appropriate `as` value and it is preloaded intentionally. @ https://linear.app/:0
[    9273ms] [WARNING] The resource https://static.linear.app/web/_next/static/css/cba40f0fcd473f4a.css was preloaded using link preload but not used within a few seconds from the window's load event. Please make sure it has an appropriate `as` value and it is preloaded intentionally. @ https://linear.app/:0
[    9273ms] [WARNING] The resource https://static.linear.app/web/_next/static/css/6a943a69bb849652.css was preloaded using link preload but not used within a few seconds from the window's load event. Please make sure it has an appropriate `as` value and it is preloaded intentionally. @ https://linear.app/:0
[    9273ms] [WARNING] The resource https://static.linear.app/web/_next/static/css/75a594c860d62376.css was preloaded using link preload but not used within a few seconds from the window's load event. Please make sure it has an appropriate `as` value and it is preloaded intentionally. @ https://linear.app/:0
[    9273ms] [WARNING] The resource https://static.linear.app/web/_next/static/css/6c95350fa7c8a2d0.css was preloaded using link preload but not used within a few seconds from the window's load event. Please make sure it has an appropriate `as` value and it is preloaded intentionally. @ https://linear.app/:0
[   66005ms] [WARNING] The resource https://static.linear.app/web/_next/static/css/b7fe26f7b7636797.css was preloaded using link preload but not used within a few seconds from the window's load event. Please make sure it has an appropriate `as` value and it is preloaded intentionally. @ https://linear.app/:0
[   66005ms] [WARNING] The resource https://static.linear.app/web/_next/static/css/390ce4b0391ef855.css was preloaded using link preload but not used within a few seconds from the window's load event. Please make sure it has an appropriate `as` value and it is preloaded intentionally. @ https://linear.app/:0
[   66005ms] [WARNING] The resource https://static.linear.app/web/_next/static/css/cba40f0fcd473f4a.css was preloaded using link preload but not used within a few seconds from the window's load event. Please make sure it has an appropriate `as` value and it is preloaded intentionally. @ https://linear.app/:0
[   66005ms] [WARNING] The resource https://static.linear.app/web/_next/static/css/6a943a69bb849652.css was preloaded using link preload but not used within a few seconds from the window's load event. Please make sure it has an appropriate `as` value and it is preloaded intentionally. @ https://linear.app/:0
[   66005ms] [WARNING] The resource https://static.linear.app/web/_next/static/css/75a594c860d62376.css was preloaded using link preload but not used within a few seconds from the window's load event. Please make sure it has an appropriate `as` value and it is preloaded intentionally. @ https://linear.app/:0
[   66005ms] [WARNING] The resource https://static.linear.app/web/_next/static/css/6c95350fa7c8a2d0.css was preloaded using link preload but not used within a few seconds from the window's load event. Please make sure it has an appropriate `as` value and it is preloaded intentionally. @ https://linear.app/:0
[  126026ms] [WARNING] The resource https://static.linear.app/web/_next/static/css/b7fe26f7b7636797.css was preloaded using link preload but not used within a few seconds from the window's load event. Please make sure it has an appropriate `as` value and it is preloaded intentionally. @ https://linear.app/:0
[  126026ms] [WARNING] The resource https://static.linear.app/web/_next/static/css/390ce4b0391ef855.css was preloaded using link preload but not used within a few seconds from the window's load event. Please make sure it has an appropriate `as` value and it is preloaded intentionally. @ https://linear.app/:0
[  126026ms] [WARNING] The resource https://static.linear.app/web/_next/static/css/cba40f0fcd473f4a.css was preloaded using link preload but not used within a few seconds from the window's load event. Please make sure it has an appropriate `as` value and it is preloaded intentionally. @ https://linear.app/:0
[  126026ms] [WARNING] The resource https://static.linear.app/web/_next/static/css/6a943a69bb849652.css was preloaded using link preload but not used within a few seconds from the window's load event. Please make sure it has an appropriate `as` value and it is preloaded intentionally. @ https://linear.app/:0
[  126027ms] [WARNING] The resource https://static.linear.app/web/_next/static/css/75a594c860d62376.css was preloaded using link preload but not used within a few seconds from the window's load event. Please make sure it has an appropriate `as` value and it is preloaded intentionally. @ https://linear.app/:0
[  126027ms] [WARNING] The resource https://static.linear.app/web/_next/static/css/6c95350fa7c8a2d0.css was preloaded using link preload but not used within a few seconds from the window's load event. Please make sure it has an appropriate `as` value and it is preloaded intentionally. @ https://linear.app/:0
[  186033ms] [WARNING] The resource https://static.linear.app/web/_next/static/css/b7fe26f7b7636797.css was preloaded using link preload but not used within a few seconds from the window's load event. Please make sure it has an appropriate `as` value and it is preloaded intentionally. @ https://linear.app/:0
[  186033ms] [WARNING] The resource https://static.linear.app/web/_next/static/css/390ce4b0391ef855.css was preloaded using link preload but not used within a few seconds from the window's load event. Please make sure it has an appropriate `as` value and it is preloaded intentionally. @ https://linear.app/:0
[  186033ms] [WARNING] The resource https://static.linear.app/web/_next/static/css/cba40f0fcd473f4a.css was preloaded using link preload but not used within a few seconds from the window's load event. Please make sure it has an appropriate `as` value and it is preloaded intentionally. @ https://linear.app/:0
[  186033ms] [WARNING] The resource https://static.linear.app/web/_next/static/css/6a943a69bb849652.css was preloaded using link preload but not used within a few seconds from the window's load event. Please make sure it has an appropriate `as` value and it is preloaded intentionally. @ https://linear.app/:0
[  186033ms] [WARNING] The resource https://static.linear.app/web/_next/static/css/75a594c860d62376.css was preloaded using link preload but not used within a few seconds from the window's load event. Please make sure it has an appropriate `as` value and it is preloaded intentionally. @ https://linear.app/:0
[  186033ms] [WARNING] The resource https://static.linear.app/web/_next/static/css/6c95350fa7c8a2d0.css was preloaded using link preload but not used within a few seconds from the window's load event. Please make sure it has an appropriate `as` value and it is preloaded intentionally. @ https://linear.app/:0
[  246040ms] [WARNING] The resource https://static.linear.app/web/_next/static/css/b7fe26f7b7636797.css was preloaded using link preload but not used within a few seconds from the window's load event. Please make sure it has an appropriate `as` value and it is preloaded intentionally. @ https://linear.app/:0
[  246040ms] [WARNING] The resource https://static.linear.app/web/_next/static/css/390ce4b0391ef855.css was preloaded using link preload but not used within a few seconds from the window's load event. Please make sure it has an appropriate `as` value and it is preloaded intentionally. @ https://linear.app/:0
[  246040ms] [WARNING] The resource https://static.linear.app/web/_next/static/css/cba40f0fcd473f4a.css was preloaded using link preload but not used within a few seconds from the window's load event. Please make sure it has an appropriate `as` value and it is preloaded intentionally. @ https://linear.app/:0
[  246040ms] [WARNING] The resource https://static.linear.app/web/_next/static/css/6a943a69bb849652.css was preloaded using link preload but not used within a few seconds from the window's load event. Please make sure it has an appropriate `as` value and it is preloaded intentionally. @ https://linear.app/:0
[  246041ms] [WARNING] The resource https://static.linear.app/web/_next/static/css/75a594c860d62376.css was preloaded using link preload but not used within a few seconds from the window's load event. Please make sure it has an appropriate `as` value and it is preloaded intentionally. @ https://linear.app/:0
[  246041ms] [WARNING] The resource https://static.linear.app/web/_next/static/css/6c95350fa7c8a2d0.css was preloaded using link preload but not used within a few seconds from the window's load event. Please make sure it has an appropriate `as` value and it is preloaded intentionally. @ https://linear.app/:0
[  306157ms] [WARNING] The resource https://static.linear.app/web/_next/static/css/b7fe26f7b7636797.css was preloaded using link preload but not used within a few seconds from the window's load event. Please make sure it has an appropriate `as` value and it is preloaded intentionally. @ https://linear.app/:0
[  306157ms] [WARNING] The resource https://static.linear.app/web/_next/static/css/390ce4b0391ef855.css was preloaded using link preload but not used within a few seconds from the window's load event. Please make sure it has an appropriate `as` value and it is preloaded intentionally. @ https://linear.app/:0
[  306157ms] [WARNING] The resource https://static.linear.app/web/_next/static/css/cba40f0fcd473f4a.css was preloaded using link preload but not used within a few seconds from the window's load event. Please make sure it has an appropriate `as` value and it is preloaded intentionally. @ https://linear.app/:0
[  306157ms] [WARNING] The resource https://static.linear.app/web/_next/static/css/6a943a69bb849652.css was preloaded using link preload but not used within a few seconds from the window's load event. Please make sure it has an appropriate `as` value and it is preloaded intentionally. @ https://linear.app/:0
[  306157ms] [WARNING] The resource https://static.linear.app/web/_next/static/css/75a594c860d62376.css was preloaded using link preload but not used within a few seconds from the window's load event. Please make sure it has an appropriate `as` value and it is preloaded intentionally. @ https://linear.app/:0
[  306157ms] [WARNING] The resource https://static.linear.app/web/_next/static/css/6c95350fa7c8a2d0.css was preloaded using link preload but not used within a few seconds from the window's load event. Please make sure it has an appropriate `as` value and it is preloaded intentionally. @ https://linear.app/:0
[  366167ms] [WARNING] The resource https://static.linear.app/web/_next/static/css/b7fe26f7b7636797.css was preloaded using link preload but not used within a few seconds from the window's load event. Please make sure it has an appropriate `as` value and it is preloaded intentionally. @ https://linear.app/:0
[  366167ms] [WARNING] The resource https://static.linear.app/web/_next/static/css/390ce4b0391ef855.css was preloaded using link preload but not used within a few seconds from the window's load event. Please make sure it has an appropriate `as` value and it is preloaded intentionally. @ https://linear.app/:0
[  366167ms] [WARNING] The resource https://static.linear.app/web/_next/static/css/cba40f0fcd473f4a.css was preloaded using link preload but not used within a few seconds from the window's load event. Please make sure it has an appropriate `as` value and it is preloaded intentionally. @ https://linear.app/:0
[  366167ms] [WARNING] The resource https://static.linear.app/web/_next/static/css/6a943a69bb849652.css was preloaded using link preload but not used within a few seconds from the window's load event. Please make sure it has an appropriate `as` value and it is preloaded intentionally. @ https://linear.app/:0
[  366168ms] [WARNING] The resource https://static.linear.app/web/_next/static/css/75a594c860d62376.css was preloaded using link preload but not used within a few seconds from the window's load event. Please make sure it has an appropriate `as` value and it is preloaded intentionally. @ https://linear.app/:0
[  366168ms] [WARNING] The resource https://static.linear.app/web/_next/static/css/6c95350fa7c8a2d0.css was preloaded using link preload but not used within a few seconds from the window's load event. Please make sure it has an appropriate `as` value and it is preloaded intentionally. @ https://linear.app/:0
[  426174ms] [WARNING] The resource https://static.linear.app/web/_next/static/css/b7fe26f7b7636797.css was preloaded using link preload but not used within a few seconds from the window's load event. Please make sure it has an appropriate `as` value and it is preloaded intentionally. @ https://linear.app/:0
[  426174ms] [WARNING] The resource https://static.linear.app/web/_next/static/css/390ce4b0391ef855.css was preloaded using link preload but not used within a few seconds from the window's load event. Please make sure it has an appropriate `as` value and it is preloaded intentionally. @ https://linear.app/:0
[  426174ms] [WARNING] The resource https://static.linear.app/web/_next/static/css/cba40f0fcd473f4a.css was preloaded using link preload but not used within a few seconds from the window's load event. Please make sure it has an appropriate `as` value and it is preloaded intentionally. @ https://linear.app/:0
[  426174ms] [WARNING] The resource https://static.linear.app/web/_next/static/css/6a943a69bb849652.css was preloaded using link preload but not used within a few seconds from the window's load event. Please make sure it has an appropriate `as` value and it is preloaded intentionally. @ https://linear.app/:0
[  426174ms] [WARNING] The resource https://static.linear.app/web/_next/static/css/75a594c860d62376.css was preloaded using link preload but not used within a few seconds from the window's load event. Please make sure it has an appropriate `as` value and it is preloaded intentionally. @ https://linear.app/:0
[  426174ms] [WARNING] The resource https://static.linear.app/web/_next/static/css/6c95350fa7c8a2d0.css was preloaded using link preload but not used within a few seconds from the window's load event. Please make sure it has an appropriate `as` value and it is preloaded intentionally. @ https://linear.app/:0
[  486197ms] [WARNING] The resource https://static.linear.app/web/_next/static/css/b7fe26f7b7636797.css was preloaded using link preload but not used within a few seconds from the window's load event. Please make sure it has an appropriate `as` value and it is preloaded intentionally. @ https://linear.app/:0
[  486198ms] [WARNING] The resource https://static.linear.app/web/_next/static/css/390ce4b0391ef855.css was preloaded using link preload but not used within a few seconds from the window's load event. Please make sure it has an appropriate `as` value and it is preloaded intentionally. @ https://linear.app/:0
[  486198ms] [WARNING] The resource https://static.linear.app/web/_next/static/css/cba40f0fcd473f4a.css was preloaded using link preload but not used within a few seconds from the window's load event. Please make sure it has an appropriate `as` value and it is preloaded intentionally. @ https://linear.app/:0
[  486198ms] [WARNING] The resource https://static.linear.app/web/_next/static/css/6a943a69bb849652.css was preloaded using link preload but not used within a few seconds from the window's load event. Please make sure it has an appropriate `as` value and it is preloaded intentionally. @ https://linear.app/:0
[  486198ms] [WARNING] The resource https://static.linear.app/web/_next/static/css/75a594c860d62376.css was preloaded using link preload but not used within a few seconds from the window's load event. Please make sure it has an appropriate `as` value and it is preloaded intentionally. @ https://linear.app/:0
[  486198ms] [WARNING] The resource https://static.linear.app/web/_next/static/css/6c95350fa7c8a2d0.css was preloaded using link preload but not used within a few seconds from the window's load event. Please make sure it has an appropriate `as` value and it is preloaded intentionally. @ https://linear.app/:0
[  546205ms] [WARNING] The resource https://static.linear.app/web/_next/static/css/b7fe26f7b7636797.css was preloaded using link preload but not used within a few seconds from the window's load event. Please make sure it has an appropriate `as` value and it is preloaded intentionally. @ https://linear.app/:0
[  546205ms] [WARNING] The resource https://static.linear.app/web/_next/static/css/390ce4b0391ef855.css was preloaded using link preload but not used within a few seconds from the window's load event. Please make sure it has an appropriate `as` value and it is preloaded intentionally. @ https://linear.app/:0
[  546205ms] [WARNING] The resource https://static.linear.app/web/_next/static/css/cba40f0fcd473f4a.css was preloaded using link preload but not used within a few seconds from the window's load event. Please make sure it has an appropriate `as` value and it is preloaded intentionally. @ https://linear.app/:0
[  546205ms] [WARNING] The resource https://static.linear.app/web/_next/static/css/6a943a69bb849652.css was preloaded using link preload but not used within a few seconds from the window's load event. Please make sure it has an appropriate `as` value and it is preloaded intentionally. @ https://linear.app/:0
[  546205ms] [WARNING] The resource https://static.linear.app/web/_next/static/css/75a594c860d62376.css was preloaded using link preload but not used within a few seconds from the window's load event. Please make sure it has an appropriate `as` value and it is preloaded intentionally. @ https://linear.app/:0
[  546205ms] [WARNING] The resource https://static.linear.app/web/_next/static/css/6c95350fa7c8a2d0.css was preloaded using link preload but not used within a few seconds from the window's load event. Please make sure it has an appropriate `as` value and it is preloaded intentionally. @ https://linear.app/:0
[  606449ms] [WARNING] The resource https://static.linear.app/web/_next/static/css/b7fe26f7b7636797.css was preloaded using link preload but not used within a few seconds from the window's load event. Please make sure it has an appropriate `as` value and it is preloaded intentionally. @ https://linear.app/:0
[  606449ms] [WARNING] The resource https://static.linear.app/web/_next/static/css/390ce4b0391ef855.css was preloaded using link preload but not used within a few seconds from the window's load event. Please make sure it has an appropriate `as` value and it is preloaded intentionally. @ https://linear.app/:0
[  606449ms] [WARNING] The resource https://static.linear.app/web/_next/static/css/cba40f0fcd473f4a.css was preloaded using link preload but not used within a few seconds from the window's load event. Please make sure it has an appropriate `as` value and it is preloaded intentionally. @ https://linear.app/:0
[  606450ms] [WARNING] The resource https://static.linear.app/web/_next/static/css/6a943a69bb849652.css was preloaded using link preload but not used within a few seconds from the window's load event. Please make sure it has an appropriate `as` value and it is preloaded intentionally. @ https://linear.app/:0
[  606450ms] [WARNING] The resource https://static.linear.app/web/_next/static/css/75a594c860d62376.css was preloaded using link preload but not used within a few seconds from the window's load event. Please make sure it has an appropriate `as` value and it is preloaded intentionally. @ https://linear.app/:0
[  606450ms] [WARNING] The resource https://static.linear.app/web/_next/static/css/6c95350fa7c8a2d0.css was preloaded using link preload but not used within a few seconds from the window's load event. Please make sure it has an appropriate `as` value and it is preloaded intentionally. @ https://linear.app/:0
[  666454ms] [WARNING] The resource https://static.linear.app/web/_next/static/css/b7fe26f7b7636797.css was preloaded using link preload but not used within a few seconds from the window's load event. Please make sure it has an appropriate `as` value and it is preloaded intentionally. @ https://linear.app/:0
[  666454ms] [WARNING] The resource https://static.linear.app/web/_next/static/css/390ce4b0391ef855.css was preloaded using link preload but not used within a few seconds from the window's load event. Please make sure it has an appropriate `as` value and it is preloaded intentionally. @ https://linear.app/:0
[  666454ms] [WARNING] The resource https://static.linear.app/web/_next/static/css/cba40f0fcd473f4a.css was preloaded using link preload but not used within a few seconds from the window's load event. Please make sure it has an appropriate `as` value and it is preloaded intentionally. @ https://linear.app/:0
[  666454ms] [WARNING] The resource https://static.linear.app/web/_next/static/css/6a943a69bb849652.css was preloaded using link preload but not used within a few seconds from the window's load event. Please make sure it has an appropriate `as` value and it is preloaded intentionally. @ https://linear.app/:0
[  666454ms] [WARNING] The resource https://static.linear.app/web/_next/static/css/75a594c860d62376.css was preloaded using link preload but not used within a few seconds from the window's load event. Please make sure it has an appropriate `as` value and it is preloaded intentionally. @ https://linear.app/:0
[  666454ms] [WARNING] The resource https://static.linear.app/web/_next/static/css/6c95350fa7c8a2d0.css was preloaded using link preload but not used within a few seconds from the window's load event. Please make sure it has an appropriate `as` value and it is preloaded intentionally. @ https://linear.app/:0
[  726534ms] [WARNING] The resource https://static.linear.app/web/_next/static/css/b7fe26f7b7636797.css was preloaded using link preload but not used within a few seconds from the window's load event. Please make sure it has an appropriate `as` value and it is preloaded intentionally. @ https://linear.app/:0
[  726535ms] [WARNING] The resource https://static.linear.app/web/_next/static/css/390ce4b0391ef855.css was preloaded using link preload but not used within a few seconds from the window's load event. Please make sure it has an appropriate `as` value and it is preloaded intentionally. @ https://linear.app/:0
[  726543ms] [WARNING] The resource https://static.linear.app/web/_next/static/css/cba40f0fcd473f4a.css was preloaded using link preload but not used within a few seconds from the window's load event. Please make sure it has an appropriate `as` value and it is preloaded intentionally. @ https://linear.app/:0
[  726543ms] [WARNING] The resource https://static.linear.app/web/_next/static/css/6a943a69bb849652.css was preloaded using link preload but not used within a few seconds from the window's load event. Please make sure it has an appropriate `as` value and it is preloaded intentionally. @ https://linear.app/:0
[  726543ms] [WARNING] The resource https://static.linear.app/web/_next/static/css/75a594c860d62376.css was preloaded using link preload but not used within a few seconds from the window's load event. Please make sure it has an appropriate `as` value and it is preloaded intentionally. @ https://linear.app/:0
[  726543ms] [WARNING] The resource https://static.linear.app/web/_next/static/css/6c95350fa7c8a2d0.css was preloaded using link preload but not used within a few seconds from the window's load event. Please make sure it has an appropriate `as` value and it is preloaded intentionally. @ https://linear.app/:0
[  786635ms] [WARNING] The resource https://static.linear.app/web/_next/static/css/b7fe26f7b7636797.css was preloaded using link preload but not used within a few seconds from the window's load event. Please make sure it has an appropriate `as` value and it is preloaded intentionally. @ https://linear.app/:0
[  786635ms] [WARNING] The resource https://static.linear.app/web/_next/static/css/390ce4b0391ef855.css was preloaded using link preload but not used within a few seconds from the window's load event. Please make sure it has an appropriate `as` value and it is preloaded intentionally. @ https://linear.app/:0
[  786635ms] [WARNING] The resource https://static.linear.app/web/_next/static/css/cba40f0fcd473f4a.css was preloaded using link preload but not used within a few seconds from the window's load event. Please make sure it has an appropriate `as` value and it is preloaded intentionally. @ https://linear.app/:0
[  786635ms] [WARNING] The resource https://static.linear.app/web/_next/static/css/6a943a69bb849652.css was preloaded using link preload but not used within a few seconds from the window's load event. Please make sure it has an appropriate `as` value and it is preloaded intentionally. @ https://linear.app/:0
[  786635ms] [WARNING] The resource https://static.linear.app/web/_next/static/css/75a594c860d62376.css was preloaded using link preload but not used within a few seconds from the window's load event. Please make sure it has an appropriate `as` value and it is preloaded intentionally. @ https://linear.app/:0
[  786635ms] [WARNING] The resource https://static.linear.app/web/_next/static/css/6c95350fa7c8a2d0.css was preloaded using link preload but not used within a few seconds from the window's load event. Please make sure it has an appropriate `as` value and it is preloaded intentionally. @ https://linear.app/:0
[  846647ms] [WARNING] The resource https://static.linear.app/web/_next/static/css/b7fe26f7b7636797.css was preloaded using link preload but not used within a few seconds from the window's load event. Please make sure it has an appropriate `as` value and it is preloaded intentionally. @ https://linear.app/:0
[  846647ms] [WARNING] The resource https://static.linear.app/web/_next/static/css/390ce4b0391ef855.css was preloaded using link preload but not used within a few seconds from the window's load event. Please make sure it has an appropriate `as` value and it is preloaded intentionally. @ https://linear.app/:0
[  846647ms] [WARNING] The resource https://static.linear.app/web/_next/static/css/cba40f0fcd473f4a.css was preloaded using link preload but not used within a few seconds from the window's load event. Please make sure it has an appropriate `as` value and it is preloaded intentionally. @ https://linear.app/:0
[  846647ms] [WARNING] The resource https://static.linear.app/web/_next/static/css/6a943a69bb849652.css was preloaded using link preload but not used within a few seconds from the window's load event. Please make sure it has an appropriate `as` value and it is preloaded intentionally. @ https://linear.app/:0
[  846647ms] [WARNING] The resource https://static.linear.app/web/_next/static/css/75a594c860d62376.css was preloaded using link preload but not used within a few seconds from the window's load event. Please make sure it has an appropriate `as` value and it is preloaded intentionally. @ https://linear.app/:0
[  846647ms] [WARNING] The resource https://static.linear.app/web/_next/static/css/6c95350fa7c8a2d0.css was preloaded using link preload but not used within a few seconds from the window's load event. Please make sure it has an appropriate `as` value and it is preloaded intentionally. @ https://linear.app/:0
[  906880ms] [WARNING] The resource https://static.linear.app/web/_next/static/css/b7fe26f7b7636797.css was preloaded using link preload but not used within a few seconds from the window's load event. Please make sure it has an appropriate `as` value and it is preloaded intentionally. @ https://linear.app/:0
[  906880ms] [WARNING] The resource https://static.linear.app/web/_next/static/css/390ce4b0391ef855.css was preloaded using link preload but not used within a few seconds from the window's load event. Please make sure it has an appropriate `as` value and it is preloaded intentionally. @ https://linear.app/:0
[  906880ms] [WARNING] The resource https://static.linear.app/web/_next/static/css/cba40f0fcd473f4a.css was preloaded using link preload but not used within a few seconds from the window's load event. Please make sure it has an appropriate `as` value and it is preloaded intentionally. @ https://linear.app/:0
[  906880ms] [WARNING] The resource https://static.linear.app/web/_next/static/css/6a943a69bb849652.css was preloaded using link preload but not used within a few seconds from the window's load event. Please make sure it has an appropriate `as` value and it is preloaded intentionally. @ https://linear.app/:0
[  906881ms] [WARNING] The resource https://static.linear.app/web/_next/static/css/75a594c860d62376.css was preloaded using link preload but not used within a few seconds from the window's load event. Please make sure it has an appropriate `as` value and it is preloaded intentionally. @ https://linear.app/:0
[  906881ms] [WARNING] The resource https://static.linear.app/web/_next/static/css/6c95350fa7c8a2d0.css was preloaded using link preload but not used within a few seconds from the window's load event. Please make sure it has an appropriate `as` value and it is preloaded intentionally. @ https://linear.app/:0
[  966891ms] [WARNING] The resource https://static.linear.app/web/_next/static/css/b7fe26f7b7636797.css was preloaded using link preload but not used within a few seconds from the window's load event. Please make sure it has an appropriate `as` value and it is preloaded intentionally. @ https://linear.app/:0
[  966891ms] [WARNING] The resource https://static.linear.app/web/_next/static/css/390ce4b0391ef855.css was preloaded using link preload but not used within a few seconds from the window's load event. Please make sure it has an appropriate `as` value and it is preloaded intentionally. @ https://linear.app/:0
[  966891ms] [WARNING] The resource https://static.linear.app/web/_next/static/css/cba40f0fcd473f4a.css was preloaded using link preload but not used within a few seconds from the window's load event. Please make sure it has an appropriate `as` value and it is preloaded intentionally. @ https://linear.app/:0
[  966891ms] [WARNING] The resource https://static.linear.app/web/_next/static/css/6a943a69bb849652.css was preloaded using link preload but not used within a few seconds from the window's load event. Please make sure it has an appropriate `as` value and it is preloaded intentionally. @ https://linear.app/:0
[  966891ms] [WARNING] The resource https://static.linear.app/web/_next/static/css/75a594c860d62376.css was preloaded using link preload but not used within a few seconds from the window's load event. Please make sure it has an appropriate `as` value and it is preloaded intentionally. @ https://linear.app/:0
[  966891ms] [WARNING] The resource https://static.linear.app/web/_next/static/css/6c95350fa7c8a2d0.css was preloaded using link preload but not used within a few seconds from the window's load event. Please make sure it has an appropriate `as` value and it is preloaded intentionally. @ https://linear.app/:0
[ 1026926ms] [WARNING] The resource https://static.linear.app/web/_next/static/css/b7fe26f7b7636797.css was preloaded using link preload but not used within a few seconds from the window's load event. Please make sure it has an appropriate `as` value and it is preloaded intentionally. @ https://linear.app/:0
[ 1026926ms] [WARNING] The resource https://static.linear.app/web/_next/static/css/390ce4b0391ef855.css was preloaded using link preload but not used within a few seconds from the window's load event. Please make sure it has an appropriate `as` value and it is preloaded intentionally. @ https://linear.app/:0
[ 1026926ms] [WARNING] The resource https://static.linear.app/web/_next/static/css/cba40f0fcd473f4a.css was preloaded using link preload but not used within a few seconds from the window's load event. Please make sure it has an appropriate `as` value and it is preloaded intentionally. @ https://linear.app/:0
[ 1026926ms] [WARNING] The resource https://static.linear.app/web/_next/static/css/6a943a69bb849652.css was preloaded using link preload but not used within a few seconds from the window's load event. Please make sure it has an appropriate `as` value and it is preloaded intentionally. @ https://linear.app/:0
[ 1026926ms] [WARNING] The resource https://static.linear.app/web/_next/static/css/75a594c860d62376.css was preloaded using link preload but not used within a few seconds from the window's load event. Please make sure it has an appropriate `as` value and it is preloaded intentionally. @ https://linear.app/:0
[ 1026926ms] [WARNING] The resource https://static.linear.app/web/_next/static/css/6c95350fa7c8a2d0.css was preloaded using link preload but not used within a few seconds from the window's load event. Please make sure it has an appropriate `as` value and it is preloaded intentionally. @ https://linear.app/:0
[ 1086957ms] [WARNING] The resource https://static.linear.app/web/_next/static/css/b7fe26f7b7636797.css was preloaded using link preload but not used within a few seconds from the window's load event. Please make sure it has an appropriate `as` value and it is preloaded intentionally. @ https://linear.app/:0
[ 1086957ms] [WARNING] The resource https://static.linear.app/web/_next/static/css/390ce4b0391ef855.css was preloaded using link preload but not used within a few seconds from the window's load event. Please make sure it has an appropriate `as` value and it is preloaded intentionally. @ https://linear.app/:0
[ 1086957ms] [WARNING] The resource https://static.linear.app/web/_next/static/css/cba40f0fcd473f4a.css was preloaded using link preload but not used within a few seconds from the window's load event. Please make sure it has an appropriate `as` value and it is preloaded intentionally. @ https://linear.app/:0
[ 1086957ms] [WARNING] The resource https://static.linear.app/web/_next/static/css/6a943a69bb849652.css was preloaded using link preload but not used within a few seconds from the window's load event. Please make sure it has an appropriate `as` value and it is preloaded intentionally. @ https://linear.app/:0
[ 1086957ms] [WARNING] The resource https://static.linear.app/web/_next/static/css/75a594c860d62376.css was preloaded using link preload but not used within a few seconds from the window's load event. Please make sure it has an appropriate `as` value and it is preloaded intentionally. @ https://linear.app/:0
[ 1086957ms] [WARNING] The resource https://static.linear.app/web/_next/static/css/6c95350fa7c8a2d0.css was preloaded using link preload but not used within a few seconds from the window's load event. Please make sure it has an appropriate `as` value and it is preloaded intentionally. @ https://linear.app/:0
[ 1146966ms] [WARNING] The resource https://static.linear.app/web/_next/static/css/b7fe26f7b7636797.css was preloaded using link preload but not used within a few seconds from the window's load event. Please make sure it has an appropriate `as` value and it is preloaded intentionally. @ https://linear.app/:0
[ 1146966ms] [WARNING] The resource https://static.linear.app/web/_next/static/css/390ce4b0391ef855.css was preloaded using link preload but not used within a few seconds from the window's load event. Please make sure it has an appropriate `as` value and it is preloaded intentionally. @ https://linear.app/:0
[ 1146966ms] [WARNING] The resource https://static.linear.app/web/_next/static/css/cba40f0fcd473f4a.css was preloaded using link preload but not used within a few seconds from the window's load event. Please make sure it has an appropriate `as` value and it is preloaded intentionally. @ https://linear.app/:0
[ 1146967ms] [WARNING] The resource https://static.linear.app/web/_next/static/css/6a943a69bb849652.css was preloaded using link preload but not used within a few seconds from the window's load event. Please make sure it has an appropriate `as` value and it is preloaded intentionally. @ https://linear.app/:0
[ 1146967ms] [WARNING] The resource https://static.linear.app/web/_next/static/css/75a594c860d62376.css was preloaded using link preload but not used within a few seconds from the window's load event. Please make sure it has an appropriate `as` value and it is preloaded intentionally. @ https://linear.app/:0
[ 1146967ms] [WARNING] The resource https://static.linear.app/web/_next/static/css/6c95350fa7c8a2d0.css was preloaded using link preload but not used within a few seconds from the window's load event. Please make sure it has an appropriate `as` value and it is preloaded intentionally. @ https://linear.app/:0
[ 1207292ms] [WARNING] The resource https://static.linear.app/web/_next/static/css/b7fe26f7b7636797.css was preloaded using link preload but not used within a few seconds from the window's load event. Please make sure it has an appropriate `as` value and it is preloaded intentionally. @ https://linear.app/:0
[ 1207292ms] [WARNING] The resource https://static.linear.app/web/_next/static/css/390ce4b0391ef855.css was preloaded using link preload but not used within a few seconds from the window's load event. Please make sure it has an appropriate `as` value and it is preloaded intentionally. @ https://linear.app/:0
[ 1207292ms] [WARNING] The resource https://static.linear.app/web/_next/static/css/cba40f0fcd473f4a.css was preloaded using link preload but not used within a few seconds from the window's load event. Please make sure it has an appropriate `as` value and it is preloaded intentionally. @ https://linear.app/:0
[ 1207292ms] [WARNING] The resource https://static.linear.app/web/_next/static/css/6a943a69bb849652.css was preloaded using link preload but not used within a few seconds from the window's load event. Please make sure it has an appropriate `as` value and it is preloaded intentionally. @ https://linear.app/:0
[ 1207292ms] [WARNING] The resource https://static.linear.app/web/_next/static/css/75a594c860d62376.css was preloaded using link preload but not used within a few seconds from the window's load event. Please make sure it has an appropriate `as` value and it is preloaded intentionally. @ https://linear.app/:0
[ 1207292ms] [WARNING] The resource https://static.linear.app/web/_next/static/css/6c95350fa7c8a2d0.css was preloaded using link preload but not used within a few seconds from the window's load event. Please make sure it has an appropriate `as` value and it is preloaded intentionally. @ https://linear.app/:0
[ 1267314ms] [WARNING] The resource https://static.linear.app/web/_next/static/css/b7fe26f7b7636797.css was preloaded using link preload but not used within a few seconds from the window's load event. Please make sure it has an appropriate `as` value and it is preloaded intentionally. @ https://linear.app/:0
[ 1267314ms] [WARNING] The resource https://static.linear.app/web/_next/static/css/390ce4b0391ef855.css was preloaded using link preload but not used within a few seconds from the window's load event. Please make sure it has an appropriate `as` value and it is preloaded intentionally. @ https://linear.app/:0
[ 1267314ms] [WARNING] The resource https://static.linear.app/web/_next/static/css/cba40f0fcd473f4a.css was preloaded using link preload but not used within a few seconds from the window's load event. Please make sure it has an appropriate `as` value and it is preloaded intentionally. @ https://linear.app/:0
[ 1267314ms] [WARNING] The resource https://static.linear.app/web/_next/static/css/6a943a69bb849652.css was preloaded using link preload but not used within a few seconds from the window's load event. Please make sure it has an appropriate `as` value and it is preloaded intentionally. @ https://linear.app/:0
[ 1267314ms] [WARNING] The resource https://static.linear.app/web/_next/static/css/75a594c860d62376.css was preloaded using link preload but not used within a few seconds from the window's load event. Please make sure it has an appropriate `as` value and it is preloaded intentionally. @ https://linear.app/:0
[ 1267314ms] [WARNING] The resource https://static.linear.app/web/_next/static/css/6c95350fa7c8a2d0.css was preloaded using link preload but not used within a few seconds from the window's load event. Please make sure it has an appropriate `as` value and it is preloaded intentionally. @ https://linear.app/:0
[ 1327581ms] [WARNING] The resource https://static.linear.app/web/_next/static/css/b7fe26f7b7636797.css was preloaded using link preload but not used within a few seconds from the window's load event. Please make sure it has an appropriate `as` value and it is preloaded intentionally. @ https://linear.app/:0
[ 1327582ms] [WARNING] The resource https://static.linear.app/web/_next/static/css/390ce4b0391ef855.css was preloaded using link preload but not used within a few seconds from the window's load event. Please make sure it has an appropriate `as` value and it is preloaded intentionally. @ https://linear.app/:0
[ 1327582ms] [WARNING] The resource https://static.linear.app/web/_next/static/css/cba40f0fcd473f4a.css was preloaded using link preload but not used within a few seconds from the window's load event. Please make sure it has an appropriate `as` value and it is preloaded intentionally. @ https://linear.app/:0
[ 1327582ms] [WARNING] The resource https://static.linear.app/web/_next/static/css/6a943a69bb849652.css was preloaded using link preload but not used within a few seconds from the window's load event. Please make sure it has an appropriate `as` value and it is preloaded intentionally. @ https://linear.app/:0
[ 1327582ms] [WARNING] The resource https://static.linear.app/web/_next/static/css/75a594c860d62376.css was preloaded using link preload but not used within a few seconds from the window's load event. Please make sure it has an appropriate `as` value and it is preloaded intentionally. @ https://linear.app/:0
[ 1327582ms] [WARNING] The resource https://static.linear.app/web/_next/static/css/6c95350fa7c8a2d0.css was preloaded using link preload but not used within a few seconds from the window's load event. Please make sure it has an appropriate `as` value and it is preloaded intentionally. @ https://linear.app/:0
[ 1387605ms] [WARNING] The resource https://static.linear.app/web/_next/static/css/b7fe26f7b7636797.css was preloaded using link preload but not used within a few seconds from the window's load event. Please make sure it has an appropriate `as` value and it is preloaded intentionally. @ https://linear.app/:0
[ 1387605ms] [WARNING] The resource https://static.linear.app/web/_next/static/css/390ce4b0391ef855.css was preloaded using link preload but not used within a few seconds from the window's load event. Please make sure it has an appropriate `as` value and it is preloaded intentionally. @ https://linear.app/:0
[ 1387605ms] [WARNING] The resource https://static.linear.app/web/_next/static/css/cba40f0fcd473f4a.css was preloaded using link preload but not used within a few seconds from the window's load event. Please make sure it has an appropriate `as` value and it is preloaded intentionally. @ https://linear.app/:0
[ 1387605ms] [WARNING] The resource https://static.linear.app/web/_next/static/css/6a943a69bb849652.css was preloaded using link preload but not used within a few seconds from the window's load event. Please make sure it has an appropriate `as` value and it is preloaded intentionally. @ https://linear.app/:0
[ 1387605ms] [WARNING] The resource https://static.linear.app/web/_next/static/css/75a594c860d62376.css was preloaded using link preload but not used within a few seconds from the window's load event. Please make sure it has an appropriate `as` value and it is preloaded intentionally. @ https://linear.app/:0
[ 1387605ms] [WARNING] The resource https://static.linear.app/web/_next/static/css/6c95350fa7c8a2d0.css was preloaded using link preload but not used within a few seconds from the window's load event. Please make sure it has an appropriate `as` value and it is preloaded intentionally. @ https://linear.app/:0
[ 1447664ms] [WARNING] The resource https://static.linear.app/web/_next/static/css/b7fe26f7b7636797.css was preloaded using link preload but not used within a few seconds from the window's load event. Please make sure it has an appropriate `as` value and it is preloaded intentionally. @ https://linear.app/:0
[ 1447664ms] [WARNING] The resource https://static.linear.app/web/_next/static/css/390ce4b0391ef855.css was preloaded using link preload but not used within a few seconds from the window's load event. Please make sure it has an appropriate `as` value and it is preloaded intentionally. @ https://linear.app/:0
[ 1447664ms] [WARNING] The resource https://static.linear.app/web/_next/static/css/cba40f0fcd473f4a.css was preloaded using link preload but not used within a few seconds from the window's load event. Please make sure it has an appropriate `as` value and it is preloaded intentionally. @ https://linear.app/:0
[ 1447664ms] [WARNING] The resource https://static.linear.app/web/_next/static/css/6a943a69bb849652.css was preloaded using link preload but not used within a few seconds from the window's load event. Please make sure it has an appropriate `as` value and it is preloaded intentionally. @ https://linear.app/:0
[ 1447676ms] [WARNING] The resource https://static.linear.app/web/_next/static/css/75a594c860d62376.css was preloaded using link preload but not used within a few seconds from the window's load event. Please make sure it has an appropriate `as` value and it is preloaded intentionally. @ https://linear.app/:0
[ 1447677ms] [WARNING] The resource https://static.linear.app/web/_next/static/css/6c95350fa7c8a2d0.css was preloaded using link preload but not used within a few seconds from the window's load event. Please make sure it has an appropriate `as` value and it is preloaded intentionally. @ https://linear.app/:0
